<?xml version="1.0" encoding="UTF-8"?>
<!-- Generated by org.testng.reporters.JUnitReportReporter -->
<testsuite skipped="0" hostname="Raam" name="runners.RerunRunner" tests="1" failures="0" timestamp="2023-03-07T12:27:58 IST" time="22.944" errors="0">
  <testcase name="runScenario" time="22.944" classname="runners.RerunRunner"/>
  <system-out/>
</testsuite> <!-- runners.RerunRunner -->
